2025-07-13 21:40:21 [NETWORK] Port scan detected from IP: 192.168.1.10.
2025-07-17 11:49:58 [ERROR] Application crash report generated.
2025-07-14 01:51:29 [INFO] User login successful for user: admin.
2025-07-15 18:43:28 [INFO] System startup completed.
2025-07-14 18:58:07 [ERROR] Application crash report generated.
2025-07-18 02:08:24 [BROWSER] Visited URL: https://example.com at 15:09:53.
2025-07-16 00:51:07 [WARNING] High CPU usage detected on process ID: 8923.
2025-07-16 18:24:24 [INFO] User login successful for user: admin.
2025-07-14 23:27:50 [INFO] User login successful for user: admin.
2025-07-17 18:03:56 [BROWSER] Visited URL: https://example.com at 15:09:53.
2025-07-13 05:17:31 [INFO] Scheduled backup completed.
2025-07-14 12:33:37 [APP] Installed application: Figma.
2025-07-15 07:00:59 [BROWSER] Visited URL: https://example.com at 15:09:53.
2025-07-15 00:33:18 [NETWORK] Port scan detected from IP: 192.168.1.10.
2025-07-17 16:23:13 [WARNING] High CPU usage detected on process ID: 2283.
2025-07-14 00:19:17 [SECURITY] Suspicious link clicked: http://malicious.example.com
2025-07-16 05:43:06 [ERROR] Application crash report generated.
2025-07-12 20:35:57 [INFO] User login successful for user: admin.
2025-07-16 08:22:22 [NETWORK] Port scan detected from IP: 10.0.0.5.
2025-07-14 16:00:20 [CRITICAL] Unauthorized access attempt detected.
2025-07-14 04:56:55 [SYSTEM] USB device connected: Logitech Mouse.
2025-07-14 07:06:44 [INFO] User login successful for user: admin.
2025-07-13 16:43:31 [BROWSER] Visited URL: https://example.com at 15:09:53.
2025-07-18 07:37:13 [INFO] Connected to network: GuestNetwork.
2025-07-13 09:16:53 [WARNING] High CPU usage detected on process ID: 7250.
2025-07-15 16:37:36 [INFO] Scheduled backup completed.
2025-07-13 18:58:56 [WARNING] High CPU usage detected on process ID: 1290.
2025-07-17 04:39:40 [ERROR] Application crash report generated.
2025-07-17 13:25:27 [ERROR] Failed to connect to database server.
2025-07-17 18:33:43 [CRITICAL] Unauthorized access attempt detected.
2025-07-15 00:33:20 [WARNING] High CPU usage detected on process ID: 7812.
2025-07-13 21:41:23 [INFO] Connected to network: HomeNet.
2025-07-15 08:20:48 [INFO] Scheduled backup completed.
2025-07-14 15:02:02 [BROWSER] Visited URL: https://example.com at 15:09:53.
2025-07-15 21:53:32 [SECURITY] Suspicious link clicked: http://malicious.example.com
2025-07-14 04:36:07 [ERROR] Failed to connect to database server.
2025-07-14 15:53:34 [INFO] System startup completed.
2025-07-16 01:05:38 [WARNING] High CPU usage detected on process ID: 2328.
2025-07-18 10:51:14 [ERROR] Failed to connect to database server.
2025-07-18 06:21:15 [INFO] Scheduled backup completed.
2025-07-16 10:00:04 [INFO] Connected to network: HomeNet.
2025-07-16 22:18:47 [DEBUG] Memory allocation successful.
2025-07-16 22:14:08 [WARNING] Low disk space on drive C:.
2025-07-14 18:08:28 [WARNING] Low disk space on drive C:.
2025-07-18 09:47:41 [DEBUG] Memory allocation successful.
2025-07-16 18:50:44 [INFO] System startup completed.
2025-07-16 12:05:51 [ERROR] Failed to connect to database server.
2025-07-17 20:45:36 [INFO] System startup completed.
2025-07-18 08:06:58 [DEBUG] Memory allocation successful.
2025-07-17 09:49:47 [SECURITY] Suspicious link clicked: http://malicious.example.com
2025-07-17 07:33:11 [ERROR] Application crash report generated.
2025-07-13 22:27:48 [APP] Installed application: Chrome.
2025-07-13 06:54:26 [SYSTEM] USB device connected: SanDisk USB.
2025-07-16 22:11:25 [ERROR] Application crash report generated.
2025-07-16 07:00:52 [SYSTEM] USB device connected: Logitech Mouse.
2025-07-14 07:01:04 [SECURITY] Suspicious link clicked: http://malicious.example.com
2025-07-14 00:47:48 [ERROR] Failed to connect to database server.
2025-07-17 00:20:19 [WARNING] Low disk space on drive C:.
2025-07-14 08:10:28 [WARNING] High CPU usage detected on process ID: 3115.
2025-07-17 07:51:53 [WARNING] Low disk space on drive C:.
2025-07-17 08:58:42 [ERROR] Failed to connect to database server.
2025-07-17 20:48:45 [INFO] System startup completed.
2025-07-18 01:22:33 [WARNING] Low disk space on drive C:.
2025-07-16 00:54:20 [WARNING] High CPU usage detected on process ID: 7512.
2025-07-17 17:43:22 [ERROR] Failed to connect to database server.
2025-07-17 22:52:57 [ERROR] Application crash report generated.
2025-07-16 12:36:26 [INFO] System startup completed.
2025-07-17 21:20:45 [DEBUG] Memory allocation successful.
2025-07-17 06:48:50 [NETWORK] Port scan detected from IP: 192.168.1.10.
2025-07-16 21:44:40 [INFO] Connected to network: HomeNet.
2025-07-16 22:42:03 [WARNING] High CPU usage detected on process ID: 4143.
2025-07-17 00:03:14 [DEBUG] Memory allocation successful.
2025-07-18 09:50:29 [WARNING] Low disk space on drive C:.
2025-07-15 23:32:03 [NETWORK] Port scan detected from IP: 10.0.0.5.
2025-07-17 17:32:02 [BROWSER] Visited URL: https://example.com at 15:09:53.
2025-07-14 07:19:49 [WARNING] Low disk space on drive C:.
2025-07-15 00:08:22 [WARNING] Low disk space on drive C:.
2025-07-14 21:35:19 [INFO] Scheduled backup completed.
2025-07-16 11:45:25 [BROWSER] Visited URL: https://example.com at 15:09:53.
2025-07-18 10:36:12 [APP] Installed application: Chrome.
2025-07-18 08:47:26 [WARNING] Low disk space on drive C:.
2025-07-13 23:56:18 [WARNING] High CPU usage detected on process ID: 7774.
2025-07-14 13:43:02 [ERROR] Failed to connect to database server.
2025-07-16 07:27:20 [NETWORK] Port scan detected from IP: 10.0.0.5.
2025-07-17 19:53:10 [INFO] Scheduled backup completed.
2025-07-16 12:05:00 [SYSTEM] USB device connected: Logitech Mouse.
2025-07-14 08:20:00 [SYSTEM] USB device connected: Logitech Mouse.
2025-07-13 23:19:37 [ERROR] Failed to connect to database server.
2025-07-14 11:26:15 [ERROR] Failed to connect to database server.
2025-07-14 14:38:44 [SYSTEM] USB device connected: SanDisk USB.
2025-07-16 15:29:56 [INFO] System startup completed.
2025-07-12 21:55:23 [ERROR] Failed to connect to database server.
2025-07-13 08:50:31 [ERROR] Failed to connect to database server.
2025-07-14 07:47:36 [ERROR] Application crash report generated.
2025-07-15 23:45:47 [ERROR] Application crash report generated.
2025-07-15 02:26:36 [INFO] System startup completed.
2025-07-18 00:18:21 [WARNING] High CPU usage detected on process ID: 3198.
2025-07-17 13:43:07 [INFO] Connected to network: OfficeWiFi.
2025-07-16 08:58:11 [INFO] System startup completed.
2025-07-15 09:04:04 [BROWSER] Visited URL: https://example.com at 15:09:53.
2025-07-15 19:01:17 [SYSTEM] USB device connected: SanDisk USB.
2025-07-16 21:42:41 [NETWORK] Port scan detected from IP: 10.0.0.5.
2025-07-13 07:42:17 [WARNING] High CPU usage detected on process ID: 7207.
2025-07-13 01:23:49 [ERROR] Failed to connect to database server.
2025-07-15 10:04:16 [CRITICAL] Unauthorized access attempt detected.
2025-07-15 08:24:51 [BROWSER] Visited URL: https://example.com at 15:09:53.
2025-07-13 04:12:16 [ERROR] Failed to connect to database server.
2025-07-17 08:18:33 [CRITICAL] Unauthorized access attempt detected.
2025-07-13 15:34:01 [WARNING] Low disk space on drive C:.
2025-07-15 21:30:15 [DEBUG] Memory allocation successful.
2025-07-14 07:13:38 [BROWSER] Visited URL: https://example.com at 15:09:53.
2025-07-13 12:08:02 [SECURITY] Suspicious link clicked: http://malicious.example.com
2025-07-15 18:25:37 [NETWORK] Port scan detected from IP: 10.0.0.5.
2025-07-18 06:04:39 [APP] Installed application: Figma.
2025-07-15 01:36:31 [DEBUG] Memory allocation successful.
2025-07-17 09:44:21 [INFO] Connected to network: GuestNetwork.
2025-07-14 18:13:22 [SECURITY] Suspicious link clicked: http://malicious.example.com
2025-07-14 18:34:26 [BROWSER] Visited URL: https://example.com at 15:09:53.
2025-07-17 02:10:12 [ERROR] Failed to connect to database server.
2025-07-16 15:09:02 [APP] Installed application: Zoom.
2025-07-17 08:54:04 [WARNING] Low disk space on drive C:.
2025-07-12 22:54:54 [NETWORK] Port scan detected from IP: 192.168.1.10.
2025-07-14 18:57:17 [INFO] Scheduled backup completed.
2025-07-15 22:37:11 [SECURITY] Suspicious link clicked: http://malicious.example.com
2025-07-18 05:27:59 [ERROR] Application crash report generated.
2025-07-15 10:54:05 [INFO] Scheduled backup completed.
2025-07-17 01:14:44 [INFO] User login successful for user: admin.
2025-07-16 17:12:11 [INFO] System startup completed.
2025-07-18 14:14:41 [INFO] User login successful for user: admin.
2025-07-13 19:34:42 [INFO] User login successful for user: admin.
2025-07-14 00:01:37 [ERROR] Failed to connect to database server.
2025-07-16 15:13:21 [APP] Installed application: VSCode.
2025-07-18 09:33:22 [ERROR] Application crash report generated.
2025-07-15 12:28:15 [DEBUG] Memory allocation successful.
2025-07-15 09:42:19 [DEBUG] Memory allocation successful.
2025-07-16 14:42:39 [INFO] User login successful for user: admin.
2025-07-17 04:24:36 [INFO] User login successful for user: admin.
2025-07-14 04:30:50 [SYSTEM] USB device connected: SanDisk USB.
2025-07-16 19:30:25 [WARNING] High CPU usage detected on process ID: 7687.
2025-07-12 21:05:54 [ERROR] Application crash report generated.
2025-07-14 13:09:03 [WARNING] High CPU usage detected on process ID: 9697.
2025-07-13 02:35:17 [SECURITY] Suspicious link clicked: http://malicious.example.com
2025-07-17 01:22:01 [INFO] System startup completed.
2025-07-14 00:01:19 [SYSTEM] USB device connected: Logitech Mouse.
2025-07-16 03:44:59 [SYSTEM] USB device connected: WD HDD.
2025-07-18 13:05:38 [INFO] System startup completed.
2025-07-18 09:50:00 [INFO] Scheduled backup completed.
2025-07-13 04:27:15 [NETWORK] Port scan detected from IP: 172.16.0.2.
2025-07-18 08:45:46 [INFO] User login successful for user: admin.
2025-07-18 08:00:28 [INFO] System startup completed.
2025-07-16 00:33:15 [DEBUG] Memory allocation successful.
2025-07-14 10:00:14 [ERROR] Application crash report generated.
2025-07-12 21:14:27 [DEBUG] Memory allocation successful.
2025-07-13 23:42:26 [BROWSER] Visited URL: https://example.com at 15:09:53.
2025-07-15 15:59:48 [INFO] Scheduled backup completed.
2025-07-17 00:02:11 [CRITICAL] Unauthorized access attempt detected.
2025-07-16 08:47:56 [SECURITY] Suspicious link clicked: http://malicious.example.com
2025-07-14 13:08:19 [ERROR] Application crash report generated.
2025-07-16 03:33:59 [WARNING] High CPU usage detected on process ID: 8458.
2025-07-12 21:01:29 [ERROR] Application crash report generated.
2025-07-15 17:30:24 [INFO] Scheduled backup completed.
2025-07-14 04:42:08 [INFO] Scheduled backup completed.
2025-07-18 04:07:38 [WARNING] High CPU usage detected on process ID: 2579.
2025-07-18 01:24:40 [INFO] User login successful for user: admin.
2025-07-13 09:10:36 [NETWORK] Port scan detected from IP: 172.16.0.2.
2025-07-14 17:34:24 [WARNING] High CPU usage detected on process ID: 1100.
2025-07-15 11:25:44 [ERROR] Failed to connect to database server.
2025-07-13 09:03:41 [ERROR] Application crash report generated.
2025-07-16 06:10:08 [INFO] Connected to network: GuestNetwork.
2025-07-18 04:23:25 [APP] Installed application: VSCode.
2025-07-15 12:29:44 [CRITICAL] Unauthorized access attempt detected.
2025-07-13 11:03:05 [SYSTEM] USB device connected: SanDisk USB.
2025-07-16 15:08:41 [ERROR] Application crash report generated.
2025-07-17 08:52:36 [SYSTEM] USB device connected: SanDisk USB.
2025-07-13 18:33:34 [DEBUG] Memory allocation successful.
2025-07-15 14:52:24 [INFO] Connected to network: OfficeWiFi.
2025-07-17 23:13:51 [SECURITY] Suspicious link clicked: http://malicious.example.com
2025-07-14 23:57:48 [APP] Installed application: Slack.
2025-07-14 22:03:43 [INFO] Scheduled backup completed.
2025-07-15 01:00:15 [CRITICAL] Unauthorized access attempt detected.
2025-07-14 09:52:47 [SYSTEM] USB device connected: Logitech Mouse.
2025-07-12 22:36:49 [ERROR] Application crash report generated.
2025-07-18 11:21:08 [INFO] Scheduled backup completed.
2025-07-15 01:20:17 [BROWSER] Visited URL: https://example.com at 15:09:53.
2025-07-17 10:07:43 [SECURITY] Suspicious link clicked: http://malicious.example.com
2025-07-15 21:26:48 [BROWSER] Visited URL: https://example.com at 15:09:53.
2025-07-14 15:51:20 [INFO] Scheduled backup completed.
2025-07-16 13:01:28 [WARNING] Low disk space on drive C:.
2025-07-17 06:10:43 [NETWORK] Port scan detected from IP: 192.168.1.10.
2025-07-17 03:37:39 [ERROR] Failed to connect to database server.
2025-07-14 00:53:25 [INFO] System startup completed.
2025-07-16 21:47:32 [INFO] Scheduled backup completed.
2025-07-18 01:57:47 [INFO] System startup completed.
2025-07-17 05:43:37 [INFO] User login successful for user: admin.
2025-07-15 19:12:33 [NETWORK] Port scan detected from IP: 172.16.0.2.
2025-07-13 06:34:46 [ERROR] Failed to connect to database server.
2025-07-14 23:47:38 [SECURITY] Suspicious link clicked: http://malicious.example.com
2025-07-17 21:03:03 [CRITICAL] Unauthorized access attempt detected.
2025-07-14 17:15:19 [ERROR] Failed to connect to database server.
2025-07-18 12:25:33 [CRITICAL] Unauthorized access attempt detected.
2025-07-17 22:36:22 [SECURITY] Suspicious link clicked: http://malicious.example.com
2025-07-16 22:40:35 [SYSTEM] USB device connected: Logitech Mouse.
2025-07-15 09:02:14 [WARNING] Low disk space on drive C:.
2025-07-14 07:11:48 [BROWSER] Visited URL: https://example.com at 15:09:53.
2025-07-14 00:21:49 [INFO] Scheduled backup completed.
2025-07-18 07:28:31 [CRITICAL] Unauthorized access attempt detected.
2025-07-17 05:46:06 [ERROR] Application crash report generated.
2025-07-17 20:11:31 [BROWSER] Visited URL: https://example.com at 15:09:53.
2025-07-13 02:03:09 [INFO] User login successful for user: admin.
2025-07-15 12:45:31 [WARNING] High CPU usage detected on process ID: 5820.
2025-07-17 07:44:19 [INFO] User login successful for user: admin.
2025-07-17 17:02:16 [INFO] Scheduled backup completed.
2025-07-15 09:21:06 [INFO] Connected to network: GuestNetwork.
2025-07-18 07:48:03 [SECURITY] Suspicious link clicked: http://malicious.example.com
2025-07-14 23:24:31 [WARNING] Low disk space on drive C:.
2025-07-18 13:43:58 [INFO] User login successful for user: admin.
2025-07-13 09:03:48 [NETWORK] Port scan detected from IP: 172.16.0.2.
2025-07-18 02:14:33 [ERROR] Application crash report generated.
2025-07-14 10:47:46 [INFO] Scheduled backup completed.
2025-07-18 12:12:59 [INFO] Connected to network: OfficeWiFi.
2025-07-13 21:04:27 [SYSTEM] USB device connected: SanDisk USB.
2025-07-16 05:18:08 [APP] Installed application: Chrome.
2025-07-15 18:30:41 [ERROR] Failed to connect to database server.
2025-07-13 05:35:52 [SYSTEM] USB device connected: WD HDD.
2025-07-14 02:21:10 [INFO] User login successful for user: admin.
2025-07-16 17:37:25 [WARNING] High CPU usage detected on process ID: 4281.
2025-07-15 13:29:47 [BROWSER] Visited URL: https://example.com at 15:09:53.
2025-07-14 13:00:23 [INFO] Scheduled backup completed.
2025-07-17 12:44:03 [WARNING] High CPU usage detected on process ID: 3570.
2025-07-16 07:19:52 [WARNING] High CPU usage detected on process ID: 1152.
2025-07-15 23:43:52 [INFO] Scheduled backup completed.
2025-07-17 07:16:03 [ERROR] Failed to connect to database server.
2025-07-13 01:08:57 [NETWORK] Port scan detected from IP: 192.168.1.10.
2025-07-13 09:04:16 [INFO] Connected to network: OfficeWiFi.
2025-07-14 20:35:23 [INFO] Connected to network: HomeNet.
2025-07-14 07:08:39 [BROWSER] Visited URL: https://example.com at 15:09:53.
2025-07-14 22:21:01 [INFO] User login successful for user: admin.
2025-07-18 00:06:17 [WARNING] High CPU usage detected on process ID: 9794.
2025-07-13 09:36:41 [NETWORK] Port scan detected from IP: 10.0.0.5.
2025-07-16 14:25:16 [ERROR] Failed to connect to database server.
2025-07-16 17:49:33 [SECURITY] Suspicious link clicked: http://malicious.example.com
2025-07-13 09:40:58 [WARNING] High CPU usage detected on process ID: 2125.
2025-07-14 12:04:14 [INFO] Scheduled backup completed.
2025-07-16 20:05:13 [ERROR] Application crash report generated.
2025-07-16 20:19:06 [ERROR] Failed to connect to database server.
2025-07-18 12:17:44 [SECURITY] Suspicious link clicked: http://malicious.example.com
2025-07-13 17:35:44 [BROWSER] Visited URL: https://example.com at 15:09:53.
2025-07-15 17:32:21 [APP] Installed application: Zoom.
2025-07-18 12:50:43 [INFO] System startup completed.
2025-07-15 08:59:56 [CRITICAL] Unauthorized access attempt detected.
2025-07-16 20:45:53 [ERROR] Failed to connect to database server.
2025-07-17 15:29:54 [BROWSER] Visited URL: https://example.com at 15:09:53.
2025-07-15 09:34:58 [NETWORK] Port scan detected from IP: 172.16.0.2.
2025-07-17 01:59:12 [NETWORK] Port scan detected from IP: 192.168.1.10.
2025-07-14 09:30:03 [ERROR] Failed to connect to database server.
2025-07-13 18:23:50 [SECURITY] Suspicious link clicked: http://malicious.example.com
2025-07-16 20:19:12 [INFO] System startup completed.
2025-07-12 23:42:19 [NETWORK] Port scan detected from IP: 172.16.0.2.
2025-07-17 03:15:06 [DEBUG] Memory allocation successful.
2025-07-15 03:03:44 [CRITICAL] Unauthorized access attempt detected.
2025-07-17 02:03:12 [APP] Installed application: Figma.
2025-07-13 02:25:09 [INFO] System startup completed.
2025-07-15 10:50:19 [INFO] Connected to network: GuestNetwork.
2025-07-14 19:06:16 [WARNING] Low disk space on drive C:.
2025-07-18 09:48:19 [ERROR] Application crash report generated.
2025-07-15 05:28:16 [DEBUG] Memory allocation successful.
2025-07-14 19:05:00 [APP] Installed application: Chrome.
2025-07-15 02:18:34 [INFO] Scheduled backup completed.
2025-07-16 06:35:31 [INFO] Scheduled backup completed.
2025-07-15 03:52:04 [ERROR] Failed to connect to database server.
2025-07-14 21:18:08 [APP] Installed application: Figma.
2025-07-14 02:44:59 [SECURITY] Suspicious link clicked: http://malicious.example.com
2025-07-14 04:16:08 [INFO] Connected to network: HomeNet.
2025-07-14 05:32:48 [SYSTEM] USB device connected: SanDisk USB.
2025-07-13 01:50:33 [ERROR] Failed to connect to database server.
2025-07-14 10:02:18 [SYSTEM] USB device connected: Logitech Mouse.
2025-07-17 21:32:44 [WARNING] High CPU usage detected on process ID: 7947.
2025-07-16 18:18:52 [INFO] System startup completed.
2025-07-16 15:53:16 [SECURITY] Suspicious link clicked: http://malicious.example.com
2025-07-13 17:05:26 [INFO] Connected to network: OfficeWiFi.
2025-07-17 11:25:08 [INFO] Connected to network: HomeNet.
2025-07-14 16:49:31 [INFO] System startup completed.
2025-07-14 12:59:30 [INFO] Connected to network: HomeNet.
2025-07-18 03:17:19 [CRITICAL] Unauthorized access attempt detected.
2025-07-16 04:02:34 [INFO] System startup completed.
2025-07-14 11:41:21 [INFO] System startup completed.
2025-07-17 12:13:58 [DEBUG] Memory allocation successful.
2025-07-16 20:36:00 [INFO] Connected to network: OfficeWiFi.
2025-07-14 00:40:36 [WARNING] Low disk space on drive C:.
2025-07-17 02:35:36 [DEBUG] Memory allocation successful.
2025-07-17 19:48:28 [DEBUG] Memory allocation successful.
2025-07-16 00:41:03 [WARNING] High CPU usage detected on process ID: 8048.
2025-07-13 17:44:28 [NETWORK] Port scan detected from IP: 192.168.1.10.
2025-07-16 10:07:38 [DEBUG] Memory allocation successful.
2025-07-13 23:33:09 [ERROR] Application crash report generated.
2025-07-17 19:33:26 [WARNING] High CPU usage detected on process ID: 3417.
2025-07-16 05:54:36 [WARNING] Low disk space on drive C:.
2025-07-13 13:21:10 [INFO] Scheduled backup completed.
2025-07-14 11:41:18 [INFO] User login successful for user: admin.
2025-07-18 03:54:42 [INFO] System startup completed.
2025-07-17 09:05:02 [SECURITY] Suspicious link clicked: http://malicious.example.com
2025-07-18 06:58:34 [WARNING] Low disk space on drive C:.
2025-07-17 10:43:12 [ERROR] Failed to connect to database server.
2025-07-15 09:09:23 [WARNING] High CPU usage detected on process ID: 4441.
2025-07-14 16:34:08 [ERROR] Failed to connect to database server.
2025-07-14 21:08:26 [DEBUG] Memory allocation successful.
2025-07-15 14:30:34 [APP] Installed application: Slack.
2025-07-15 00:36:25 [SYSTEM] USB device connected: Logitech Mouse.
2025-07-17 15:24:55 [APP] Installed application: Chrome.
2025-07-14 07:01:19 [CRITICAL] Unauthorized access attempt detected.
2025-07-14 23:37:38 [BROWSER] Visited URL: https://example.com at 15:09:53.
2025-07-16 16:25:21 [DEBUG] Memory allocation successful.
2025-07-14 02:08:31 [DEBUG] Memory allocation successful.
2025-07-18 14:09:14 [DEBUG] Memory allocation successful.
2025-07-16 11:15:48 [NETWORK] Port scan detected from IP: 172.16.0.2.
2025-07-14 11:07:14 [CRITICAL] Unauthorized access attempt detected.
2025-07-14 05:50:13 [INFO] User login successful for user: admin.
2025-07-17 10:19:48 [BROWSER] Visited URL: https://example.com at 15:09:53.
2025-07-18 00:55:48 [INFO] Scheduled backup completed.
2025-07-16 19:21:22 [BROWSER] Visited URL: https://example.com at 15:09:53.
2025-07-15 11:58:15 [INFO] Connected to network: GuestNetwork.
2025-07-15 20:47:34 [INFO] User login successful for user: admin.
2025-07-13 01:57:38 [BROWSER] Visited URL: https://example.com at 15:09:53.
2025-07-13 03:22:40 [ERROR] Application crash report generated.
2025-07-14 07:30:59 [ERROR] Failed to connect to database server.
2025-07-14 19:03:47 [INFO] Connected to network: HomeNet.
2025-07-14 15:04:06 [INFO] Scheduled backup completed.
2025-07-15 17:21:21 [CRITICAL] Unauthorized access attempt detected.
2025-07-13 16:22:12 [SECURITY] Suspicious link clicked: http://malicious.example.com
2025-07-17 19:46:55 [INFO] System startup completed.
2025-07-13 00:11:37 [WARNING] High CPU usage detected on process ID: 2240.
2025-07-17 10:53:34 [ERROR] Failed to connect to database server.
2025-07-18 08:46:55 [DEBUG] Memory allocation successful.
2025-07-15 06:09:00 [WARNING] Low disk space on drive C:.
2025-07-13 18:22:31 [SECURITY] Suspicious link clicked: http://malicious.example.com
2025-07-13 01:43:49 [INFO] Scheduled backup completed.
2025-07-18 10:58:50 [INFO] System startup completed.
2025-07-14 11:23:50 [APP] Installed application: VSCode.
2025-07-17 11:31:09 [CRITICAL] Unauthorized access attempt detected.
2025-07-18 11:47:16 [NETWORK] Port scan detected from IP: 10.0.0.5.
2025-07-15 22:01:07 [INFO] Connected to network: OfficeWiFi.
2025-07-17 10:49:11 [INFO] System startup completed.
2025-07-13 14:24:50 [INFO] Connected to network: OfficeWiFi.
2025-07-13 10:34:23 [SYSTEM] USB device connected: Logitech Mouse.
2025-07-15 04:36:40 [WARNING] Low disk space on drive C:.
2025-07-18 11:22:52 [INFO] System startup completed.
2025-07-16 07:38:42 [INFO] System startup completed.
2025-07-16 23:56:23 [BROWSER] Visited URL: https://example.com at 15:09:53.
2025-07-15 06:59:43 [NETWORK] Port scan detected from IP: 10.0.0.5.
2025-07-16 01:11:20 [DEBUG] Memory allocation successful.
2025-07-15 00:54:09 [WARNING] Low disk space on drive C:.
2025-07-14 16:49:08 [SYSTEM] USB device connected: Logitech Mouse.
2025-07-15 14:16:49 [BROWSER] Visited URL: https://example.com at 15:09:53.
2025-07-14 08:55:01 [INFO] Connected to network: GuestNetwork.
2025-07-14 01:06:29 [INFO] Connected to network: OfficeWiFi.
2025-07-13 14:37:53 [APP] Installed application: Slack.
2025-07-13 12:50:51 [CRITICAL] Unauthorized access attempt detected.
2025-07-17 16:17:38 [INFO] System startup completed.
2025-07-14 07:39:45 [WARNING] High CPU usage detected on process ID: 2643.
2025-07-14 11:45:25 [CRITICAL] Unauthorized access attempt detected.
2025-07-13 23:49:23 [INFO] Connected to network: HomeNet.
2025-07-14 22:19:42 [SYSTEM] USB device connected: SanDisk USB.
2025-07-17 13:16:54 [WARNING] Low disk space on drive C:.
2025-07-13 21:46:14 [WARNING] Low disk space on drive C:.
2025-07-15 20:32:48 [WARNING] High CPU usage detected on process ID: 1571.
2025-07-16 13:38:22 [ERROR] Application crash report generated.
2025-07-15 06:41:36 [SYSTEM] USB device connected: WD HDD.
2025-07-12 20:58:47 [INFO] System startup completed.
2025-07-17 04:44:42 [WARNING] High CPU usage detected on process ID: 9523.
2025-07-14 14:17:22 [INFO] User login successful for user: admin.
2025-07-13 13:22:49 [SECURITY] Suspicious link clicked: http://malicious.example.com
2025-07-15 18:43:11 [ERROR] Failed to connect to database server.
2025-07-15 23:03:07 [INFO] Scheduled backup completed.
2025-07-15 17:46:12 [NETWORK] Port scan detected from IP: 10.0.0.5.
2025-07-18 06:35:27 [WARNING] Low disk space on drive C:.
2025-07-16 01:25:18 [SYSTEM] USB device connected: Logitech Mouse.
2025-07-14 06:56:35 [NETWORK] Port scan detected from IP: 192.168.1.10.
2025-07-13 00:48:50 [INFO] Scheduled backup completed.
2025-07-18 13:00:55 [WARNING] Low disk space on drive C:.
2025-07-13 04:59:23 [ERROR] Application crash report generated.
2025-07-17 19:01:52 [WARNING] Low disk space on drive C:.
2025-07-16 22:46:00 [ERROR] Application crash report generated.
2025-07-14 16:01:55 [ERROR] Application crash report generated.
2025-07-14 06:57:44 [INFO] Scheduled backup completed.
2025-07-17 09:01:04 [DEBUG] Memory allocation successful.
2025-07-14 20:05:15 [APP] Installed application: Slack.
2025-07-16 03:55:16 [APP] Installed application: Chrome.
2025-07-18 04:02:18 [WARNING] Low disk space on drive C:.
2025-07-17 05:33:01 [DEBUG] Memory allocation successful.
2025-07-18 09:45:11 [WARNING] Low disk space on drive C:.
2025-07-17 13:44:15 [DEBUG] Memory allocation successful.
2025-07-15 11:18:47 [ERROR] Application crash report generated.
2025-07-17 23:46:52 [INFO] Connected to network: GuestNetwork.
2025-07-13 15:54:24 [INFO] System startup completed.
2025-07-13 02:52:28 [INFO] Scheduled backup completed.
2025-07-16 08:58:42 [SYSTEM] USB device connected: WD HDD.
2025-07-16 10:04:36 [INFO] System startup completed.
2025-07-13 01:43:26 [ERROR] Failed to connect to database server.
2025-07-13 21:37:16 [NETWORK] Port scan detected from IP: 192.168.1.10.
2025-07-17 16:42:28 [INFO] System startup completed.
2025-07-17 00:10:11 [INFO] Scheduled backup completed.
2025-07-17 16:28:30 [INFO] Scheduled backup completed.
2025-07-18 07:23:58 [SYSTEM] USB device connected: SanDisk USB.
2025-07-13 12:17:34 [INFO] System startup completed.
2025-07-14 05:48:16 [NETWORK] Port scan detected from IP: 10.0.0.5.
2025-07-14 08:11:20 [INFO] User login successful for user: admin.
2025-07-13 23:01:52 [INFO] Connected to network: OfficeWiFi.
2025-07-16 07:14:48 [INFO] Scheduled backup completed.
2025-07-15 07:56:34 [WARNING] Low disk space on drive C:.
2025-07-13 09:50:48 [INFO] System startup completed.
2025-07-13 14:15:59 [INFO] User login successful for user: admin.
2025-07-17 16:14:02 [ERROR] Failed to connect to database server.
2025-07-17 08:14:23 [DEBUG] Memory allocation successful.
2025-07-16 13:27:00 [CRITICAL] Unauthorized access attempt detected.
2025-07-14 23:39:44 [INFO] User login successful for user: admin.
2025-07-13 23:12:11 [ERROR] Application crash report generated.
2025-07-18 12:27:50 [ERROR] Application crash report generated.
2025-07-15 12:20:18 [INFO] System startup completed.
2025-07-15 12:52:28 [WARNING] Low disk space on drive C:.
2025-07-15 12:51:30 [APP] Installed application: Zoom.
2025-07-14 05:41:45 [NETWORK] Port scan detected from IP: 172.16.0.2.
2025-07-16 07:32:52 [APP] Installed application: VSCode.
2025-07-12 20:39:40 [WARNING] Low disk space on drive C:.
2025-07-14 03:00:32 [WARNING] High CPU usage detected on process ID: 5429.
2025-07-18 01:53:05 [SECURITY] Suspicious link clicked: http://malicious.example.com
2025-07-12 23:19:31 [NETWORK] Port scan detected from IP: 172.16.0.2.
2025-07-16 03:18:18 [ERROR] Application crash report generated.
2025-07-14 15:34:50 [WARNING] Low disk space on drive C:.
2025-07-14 15:00:06 [SYSTEM] USB device connected: Logitech Mouse.
2025-07-14 23:18:22 [WARNING] High CPU usage detected on process ID: 2532.
2025-07-13 03:07:55 [BROWSER] Visited URL: https://example.com at 15:09:53.
2025-07-13 21:02:33 [BROWSER] Visited URL: https://example.com at 15:09:53.
2025-07-15 16:22:52 [NETWORK] Port scan detected from IP: 172.16.0.2.
2025-07-16 03:44:13 [SYSTEM] USB device connected: WD HDD.
2025-07-13 20:08:02 [APP] Installed application: Slack.
2025-07-16 00:37:55 [ERROR] Application crash report generated.
2025-07-13 19:50:55 [SECURITY] Suspicious link clicked: http://malicious.example.com
2025-07-17 06:18:43 [ERROR] Application crash report generated.
2025-07-13 21:14:49 [WARNING] High CPU usage detected on process ID: 8782.
2025-07-15 03:57:29 [NETWORK] Port scan detected from IP: 10.0.0.5.
2025-07-16 15:43:14 [INFO] Scheduled backup completed.
2025-07-17 20:06:54 [ERROR] Application crash report generated.
2025-07-17 22:22:22 [SYSTEM] USB device connected: SanDisk USB.
2025-07-14 07:28:08 [SECURITY] Suspicious link clicked: http://malicious.example.com
2025-07-16 12:35:13 [SECURITY] Suspicious link clicked: http://malicious.example.com
2025-07-17 06:52:50 [APP] Installed application: Figma.
2025-07-14 02:19:13 [BROWSER] Visited URL: https://example.com at 15:09:53.
2025-07-14 23:10:43 [CRITICAL] Unauthorized access attempt detected.
2025-07-16 14:14:38 [ERROR] Application crash report generated.
2025-07-16 13:41:18 [APP] Installed application: VSCode.
2025-07-13 06:32:57 [SYSTEM] USB device connected: WD HDD.
2025-07-15 19:09:06 [ERROR] Failed to connect to database server.
2025-07-16 02:35:20 [WARNING] Low disk space on drive C:.
2025-07-17 18:58:43 [INFO] Scheduled backup completed.
2025-07-13 15:42:54 [INFO] User login successful for user: admin.
2025-07-15 07:13:09 [WARNING] High CPU usage detected on process ID: 8399.
2025-07-14 20:52:53 [CRITICAL] Unauthorized access attempt detected.
2025-07-17 16:12:49 [WARNING] Low disk space on drive C:.
2025-07-14 13:33:42 [INFO] User login successful for user: admin.
2025-07-13 00:58:19 [WARNING] Low disk space on drive C:.
2025-07-12 21:52:41 [NETWORK] Port scan detected from IP: 10.0.0.5.
2025-07-17 23:25:10 [BROWSER] Visited URL: https://example.com at 15:09:53.
2025-07-17 10:20:57 [WARNING] High CPU usage detected on process ID: 4334.
2025-07-14 23:46:28 [DEBUG] Memory allocation successful.
2025-07-17 10:43:21 [SECURITY] Suspicious link clicked: http://malicious.example.com
2025-07-16 01:54:46 [CRITICAL] Unauthorized access attempt detected.
2025-07-16 22:04:46 [INFO] User login successful for user: admin.
2025-07-13 19:25:17 [CRITICAL] Unauthorized access attempt detected.
2025-07-18 07:52:52 [SECURITY] Suspicious link clicked: http://malicious.example.com
2025-07-17 00:03:57 [ERROR] Application crash report generated.
2025-07-17 13:32:23 [WARNING] High CPU usage detected on process ID: 3318.
2025-07-17 03:58:35 [APP] Installed application: Chrome.
2025-07-18 06:43:43 [ERROR] Failed to connect to database server.
2025-07-16 13:10:24 [APP] Installed application: Zoom.
2025-07-13 11:35:25 [SYSTEM] USB device connected: SanDisk USB.
2025-07-17 13:13:04 [DEBUG] Memory allocation successful.
2025-07-12 23:17:21 [INFO] User login successful for user: admin.
2025-07-16 21:47:10 [DEBUG] Memory allocation successful.
2025-07-14 13:35:11 [ERROR] Failed to connect to database server.
2025-07-13 05:45:28 [INFO] Scheduled backup completed.
2025-07-14 17:25:13 [INFO] User login successful for user: admin.
2025-07-13 19:57:20 [SYSTEM] USB device connected: SanDisk USB.
2025-07-12 21:15:14 [NETWORK] Port scan detected from IP: 10.0.0.5.
2025-07-17 06:16:03 [ERROR] Application crash report generated.
2025-07-17 19:24:33 [ERROR] Application crash report generated.
2025-07-16 19:57:14 [WARNING] Low disk space on drive C:.
2025-07-18 07:56:24 [INFO] User login successful for user: admin.
2025-07-17 02:09:09 [SYSTEM] USB device connected: WD HDD.
2025-07-18 04:11:26 [INFO] System startup completed.
2025-07-17 13:34:47 [BROWSER] Visited URL: https://example.com at 15:09:53.
2025-07-14 13:16:20 [INFO] System startup completed.
2025-07-16 11:36:26 [WARNING] High CPU usage detected on process ID: 2083.
2025-07-15 21:44:20 [DEBUG] Memory allocation successful.
2025-07-17 13:00:10 [INFO] User login successful for user: admin.
2025-07-18 10:59:02 [WARNING] Low disk space on drive C:.
2025-07-15 23:57:47 [INFO] Scheduled backup completed.
2025-07-15 13:04:38 [INFO] User login successful for user: admin.
2025-07-17 16:40:55 [CRITICAL] Unauthorized access attempt detected.
2025-07-17 10:30:43 [APP] Installed application: Zoom.
2025-07-16 11:47:06 [INFO] System startup completed.
2025-07-14 18:57:43 [INFO] Scheduled backup completed.
2025-07-14 01:55:22 [WARNING] High CPU usage detected on process ID: 3803.
2025-07-17 21:54:01 [CRITICAL] Unauthorized access attempt detected.
2025-07-16 03:33:25 [BROWSER] Visited URL: https://example.com at 15:09:53.
2025-07-16 16:15:00 [INFO] System startup completed.
2025-07-18 03:26:28 [INFO] System startup completed.
2025-07-13 22:33:51 [DEBUG] Memory allocation successful.
2025-07-16 04:41:15 [INFO] Scheduled backup completed.
2025-07-14 11:37:18 [ERROR] Failed to connect to database server.
2025-07-17 20:26:53 [INFO] System startup completed.
2025-07-14 14:42:35 [NETWORK] Port scan detected from IP: 172.16.0.2.
2025-07-15 08:11:46 [SYSTEM] USB device connected: Logitech Mouse.
2025-07-13 16:33:35 [ERROR] Failed to connect to database server.
2025-07-18 06:22:27 [INFO] System startup completed.
2025-07-18 12:07:41 [DEBUG] Memory allocation successful.
2025-07-13 17:17:43 [DEBUG] Memory allocation successful.
2025-07-18 02:07:16 [NETWORK] Port scan detected from IP: 172.16.0.2.
2025-07-17 14:15:49 [INFO] System startup completed.
2025-07-16 20:07:00 [WARNING] High CPU usage detected on process ID: 6476.
2025-07-13 19:18:43 [BROWSER] Visited URL: https://example.com at 15:09:53.
2025-07-14 09:38:12 [INFO] System startup completed.
2025-07-16 18:48:05 [INFO] Scheduled backup completed.
2025-07-14 01:18:38 [CRITICAL] Unauthorized access attempt detected.
2025-07-13 19:23:24 [ERROR] Failed to connect to database server.
2025-07-17 01:23:52 [INFO] System startup completed.
2025-07-17 02:15:10 [INFO] System startup completed.
2025-07-16 07:20:21 [CRITICAL] Unauthorized access attempt detected.
2025-07-18 10:06:30 [BROWSER] Visited URL: https://example.com at 15:09:53.
2025-07-12 22:30:03 [INFO] System startup completed.
2025-07-18 06:32:09 [ERROR] Application crash report generated.
2025-07-13 03:45:31 [DEBUG] Memory allocation successful.
2025-07-17 01:41:43 [DEBUG] Memory allocation successful.
2025-07-15 13:20:14 [WARNING] High CPU usage detected on process ID: 2138.
2025-07-18 08:28:55 [SYSTEM] USB device connected: Logitech Mouse.
2025-07-14 19:30:04 [INFO] System startup completed.
2025-07-14 15:25:41 [CRITICAL] Unauthorized access attempt detected.
2025-07-18 11:08:25 [DEBUG] Memory allocation successful.
2025-07-14 21:44:38 [SYSTEM] USB device connected: WD HDD.
2025-07-17 07:34:19 [SYSTEM] USB device connected: WD HDD.
2025-07-16 14:39:39 [INFO] Connected to network: GuestNetwork.
2025-07-16 01:37:20 [SECURITY] Suspicious link clicked: http://malicious.example.com
2025-07-14 11:46:01 [BROWSER] Visited URL: https://example.com at 15:09:53.
2025-07-17 04:31:44 [INFO] System startup completed.
2025-07-15 21:43:11 [APP] Installed application: Slack.
2025-07-13 02:10:02 [INFO] System startup completed.
2025-07-17 03:49:00 [INFO] Scheduled backup completed.
2025-07-13 12:38:40 [INFO] System startup completed.
2025-07-16 19:49:40 [WARNING] Low disk space on drive C:.
2025-07-16 17:47:09 [CRITICAL] Unauthorized access attempt detected.
2025-07-15 01:17:16 [INFO] System startup completed.
2025-07-14 18:26:26 [SYSTEM] USB device connected: WD HDD.
2025-07-15 06:26:31 [APP] Installed application: VSCode.
2025-07-16 20:49:15 [INFO] User login successful for user: admin.
2025-07-13 02:39:15 [ERROR] Failed to connect to database server.
2025-07-14 18:19:14 [INFO] Scheduled backup completed.
2025-07-15 08:44:18 [INFO] System startup completed.
2025-07-18 09:15:15 [APP] Installed application: Chrome.
2025-07-15 04:41:06 [INFO] Scheduled backup completed.
2025-07-14 05:24:24 [BROWSER] Visited URL: https://example.com at 15:09:53.
2025-07-17 09:21:42 [SECURITY] Suspicious link clicked: http://malicious.example.com
2025-07-13 08:52:15 [NETWORK] Port scan detected from IP: 192.168.1.10.
2025-07-16 10:18:34 [INFO] System startup completed.
2025-07-18 00:25:47 [INFO] Scheduled backup completed.
2025-07-16 08:58:04 [INFO] System startup completed.
2025-07-14 17:17:04 [INFO] User login successful for user: admin.
2025-07-13 01:23:37 [DEBUG] Memory allocation successful.
2025-07-17 03:38:27 [INFO] User login successful for user: admin.
2025-07-15 03:52:27 [DEBUG] Memory allocation successful.
2025-07-14 10:22:41 [SYSTEM] USB device connected: SanDisk USB.
2025-07-13 19:24:05 [INFO] User login successful for user: admin.
2025-07-16 15:51:33 [DEBUG] Memory allocation successful.
2025-07-14 00:16:44 [ERROR] Failed to connect to database server.
2025-07-15 04:03:17 [WARNING] High CPU usage detected on process ID: 8298.
2025-07-18 08:08:36 [APP] Installed application: VSCode.
2025-07-14 22:13:13 [INFO] System startup completed.
2025-07-17 02:08:26 [NETWORK] Port scan detected from IP: 10.0.0.5.
2025-07-14 09:32:49 [BROWSER] Visited URL: https://example.com at 15:09:53.
2025-07-12 23:43:55 [INFO] User login successful for user: admin.
2025-07-14 22:32:29 [WARNING] High CPU usage detected on process ID: 6331.
2025-07-17 13:40:35 [ERROR] Application crash report generated.
2025-07-17 11:24:02 [NETWORK] Port scan detected from IP: 10.0.0.5.
2025-07-12 22:25:08 [NETWORK] Port scan detected from IP: 192.168.1.10.
2025-07-15 10:41:22 [CRITICAL] Unauthorized access attempt detected.
2025-07-16 02:16:59 [INFO] Scheduled backup completed.
2025-07-13 03:17:18 [INFO] Connected to network: GuestNetwork.
2025-07-18 12:25:15 [WARNING] Low disk space on drive C:.
2025-07-16 07:22:38 [ERROR] Failed to connect to database server.
2025-07-13 19:48:51 [ERROR] Failed to connect to database server.
2025-07-13 05:48:58 [INFO] Scheduled backup completed.
2025-07-18 14:38:07 [APP] Installed application: Slack.
2025-07-16 00:30:18 [WARNING] High CPU usage detected on process ID: 2071.
2025-07-12 23:23:30 [WARNING] High CPU usage detected on process ID: 5225.
2025-07-13 19:04:55 [WARNING] Low disk space on drive C:.
2025-07-13 06:20:49 [INFO] System startup completed.
2025-07-17 05:07:07 [NETWORK] Port scan detected from IP: 192.168.1.10.
2025-07-14 17:18:17 [INFO] System startup completed.
2025-07-14 00:59:36 [SYSTEM] USB device connected: Logitech Mouse.
2025-07-14 13:59:01 [ERROR] Failed to connect to database server.
2025-07-17 06:38:47 [WARNING] High CPU usage detected on process ID: 1114.
2025-07-18 03:48:00 [ERROR] Failed to connect to database server.
2025-07-15 16:53:51 [INFO] User login successful for user: admin.
2025-07-16 01:07:20 [INFO] Scheduled backup completed.
2025-07-14 07:26:46 [INFO] User login successful for user: admin.
2025-07-14 12:15:03 [INFO] System startup completed.
2025-07-18 14:29:34 [NETWORK] Port scan detected from IP: 172.16.0.2.
2025-07-14 01:56:29 [BROWSER] Visited URL: https://example.com at 15:09:53.
2025-07-15 06:10:23 [CRITICAL] Unauthorized access attempt detected.
2025-07-14 13:13:13 [ERROR] Application crash report generated.
2025-07-16 23:09:20 [CRITICAL] Unauthorized access attempt detected.
2025-07-17 16:40:45 [SYSTEM] USB device connected: Logitech Mouse.
2025-07-14 17:38:52 [BROWSER] Visited URL: https://example.com at 15:09:53.
2025-07-16 07:36:41 [DEBUG] Memory allocation successful.
2025-07-17 01:01:07 [WARNING] High CPU usage detected on process ID: 3062.
2025-07-16 06:47:49 [INFO] Scheduled backup completed.
2025-07-18 02:40:32 [NETWORK] Port scan detected from IP: 10.0.0.5.
2025-07-14 11:20:35 [NETWORK] Port scan detected from IP: 172.16.0.2.
2025-07-13 04:18:27 [INFO] User login successful for user: admin.
2025-07-18 13:26:00 [WARNING] Low disk space on drive C:.
2025-07-15 03:45:55 [APP] Installed application: Chrome.
2025-07-16 22:28:59 [NETWORK] Port scan detected from IP: 10.0.0.5.
2025-07-13 16:05:18 [ERROR] Application crash report generated.
2025-07-16 10:26:26 [NETWORK] Port scan detected from IP: 192.168.1.10.
2025-07-13 06:53:55 [DEBUG] Memory allocation successful.
2025-07-16 03:07:18 [SYSTEM] USB device connected: SanDisk USB.
2025-07-17 15:52:15 [WARNING] Low disk space on drive C:.
2025-07-14 13:04:57 [APP] Installed application: Chrome.
2025-07-17 07:15:38 [APP] Installed application: VSCode.
2025-07-14 06:05:44 [WARNING] Low disk space on drive C:.
2025-07-18 02:56:05 [SECURITY] Suspicious link clicked: http://malicious.example.com
2025-07-18 06:36:31 [SECURITY] Suspicious link clicked: http://malicious.example.com
2025-07-15 19:12:23 [INFO] Scheduled backup completed.
2025-07-14 03:25:50 [WARNING] High CPU usage detected on process ID: 1871.
2025-07-17 12:13:03 [INFO] Scheduled backup completed.
2025-07-17 09:30:17 [INFO] User login successful for user: admin.
2025-07-17 04:50:50 [WARNING] High CPU usage detected on process ID: 6532.
2025-07-15 13:06:12 [SYSTEM] USB device connected: SanDisk USB.
2025-07-15 09:36:42 [ERROR] Failed to connect to database server.
2025-07-17 03:04:14 [INFO] System startup completed.
2025-07-15 19:28:40 [INFO] System startup completed.
2025-07-15 10:08:44 [APP] Installed application: Chrome.
2025-07-17 15:49:01 [WARNING] Low disk space on drive C:.
2025-07-14 11:33:58 [SECURITY] Suspicious link clicked: http://malicious.example.com
2025-07-13 10:35:11 [INFO] Scheduled backup completed.
2025-07-16 14:17:20 [SYSTEM] USB device connected: WD HDD.
2025-07-15 17:11:55 [NETWORK] Port scan detected from IP: 172.16.0.2.
2025-07-15 01:38:39 [SYSTEM] USB device connected: WD HDD.
2025-07-15 17:27:44 [BROWSER] Visited URL: https://example.com at 15:09:53.
2025-07-13 23:10:54 [SYSTEM] USB device connected: WD HDD.
2025-07-14 12:24:11 [SECURITY] Suspicious link clicked: http://malicious.example.com
2025-07-13 15:27:59 [SYSTEM] USB device connected: Logitech Mouse.
2025-07-15 16:23:51 [INFO] User login successful for user: admin.
2025-07-16 02:34:19 [WARNING] High CPU usage detected on process ID: 6258.
2025-07-16 06:34:50 [SYSTEM] USB device connected: WD HDD.
2025-07-13 12:47:33 [WARNING] Low disk space on drive C:.
2025-07-14 17:25:15 [CRITICAL] Unauthorized access attempt detected.
2025-07-14 13:53:40 [DEBUG] Memory allocation successful.
2025-07-17 01:36:05 [INFO] User login successful for user: admin.
2025-07-16 07:24:00 [SYSTEM] USB device connected: SanDisk USB.
2025-07-13 15:20:10 [WARNING] High CPU usage detected on process ID: 2599.
2025-07-16 00:49:21 [BROWSER] Visited URL: https://example.com at 15:09:53.
2025-07-14 08:17:53 [ERROR] Application crash report generated.
2025-07-13 05:03:00 [ERROR] Application crash report generated.
2025-07-16 02:05:01 [WARNING] Low disk space on drive C:.
2025-07-17 15:27:33 [INFO] Connected to network: OfficeWiFi.
2025-07-17 22:54:30 [CRITICAL] Unauthorized access attempt detected.
2025-07-14 10:22:32 [INFO] User login successful for user: admin.
2025-07-16 21:21:45 [APP] Installed application: Slack.
2025-07-17 20:35:57 [SECURITY] Suspicious link clicked: http://malicious.example.com
2025-07-16 23:39:25 [INFO] User login successful for user: admin.
2025-07-15 04:28:38 [BROWSER] Visited URL: https://example.com at 15:09:53.
2025-07-15 03:44:19 [ERROR] Application crash report generated.
2025-07-15 03:28:26 [NETWORK] Port scan detected from IP: 172.16.0.2.
2025-07-14 15:38:51 [NETWORK] Port scan detected from IP: 192.168.1.10.
2025-07-13 00:19:47 [ERROR] Failed to connect to database server.
2025-07-13 01:32:52 [INFO] System startup completed.
2025-07-13 15:57:34 [APP] Installed application: VSCode.
2025-07-16 19:09:39 [INFO] Scheduled backup completed.
2025-07-14 03:29:51 [INFO] Scheduled backup completed.
2025-07-16 07:46:55 [SYSTEM] USB device connected: Logitech Mouse.
2025-07-16 11:34:24 [BROWSER] Visited URL: https://example.com at 15:09:53.
2025-07-15 10:44:29 [WARNING] Low disk space on drive C:.
2025-07-14 10:59:57 [ERROR] Failed to connect to database server.
2025-07-15 04:46:34 [ERROR] Failed to connect to database server.
2025-07-15 02:48:28 [ERROR] Application crash report generated.
2025-07-13 01:47:46 [ERROR] Application crash report generated.
2025-07-13 23:20:16 [SECURITY] Suspicious link clicked: http://malicious.example.com
2025-07-17 06:38:29 [CRITICAL] Unauthorized access attempt detected.
2025-07-16 01:44:58 [ERROR] Application crash report generated.
2025-07-15 06:49:40 [CRITICAL] Unauthorized access attempt detected.
2025-07-12 21:35:03 [NETWORK] Port scan detected from IP: 192.168.1.10.
2025-07-13 20:22:54 [SYSTEM] USB device connected: SanDisk USB.
2025-07-15 21:08:04 [CRITICAL] Unauthorized access attempt detected.
2025-07-14 17:52:43 [WARNING] Low disk space on drive C:.
2025-07-16 03:21:32 [ERROR] Application crash report generated.
2025-07-16 16:13:29 [INFO] System startup completed.
2025-07-14 17:58:00 [INFO] User login successful for user: admin.
2025-07-17 01:31:21 [BROWSER] Visited URL: https://example.com at 15:09:53.
2025-07-16 15:48:14 [ERROR] Failed to connect to database server.
2025-07-18 13:21:59 [INFO] User login successful for user: admin.
2025-07-16 17:17:54 [SYSTEM] USB device connected: Logitech Mouse.
2025-07-15 07:00:33 [BROWSER] Visited URL: https://example.com at 15:09:53.
2025-07-17 15:12:33 [INFO] Scheduled backup completed.
2025-07-14 23:25:42 [SYSTEM] USB device connected: WD HDD.
2025-07-14 22:10:57 [NETWORK] Port scan detected from IP: 192.168.1.10.
2025-07-17 16:15:56 [ERROR] Failed to connect to database server.
2025-07-17 02:07:07 [ERROR] Application crash report generated.
2025-07-14 14:48:25 [INFO] User login successful for user: admin.
2025-07-13 07:57:39 [INFO] User login successful for user: admin.
2025-07-18 13:29:29 [BROWSER] Visited URL: https://example.com at 15:09:53.
2025-07-13 21:09:39 [DEBUG] Memory allocation successful.
2025-07-12 21:32:19 [APP] Installed application: Figma.
2025-07-17 09:14:45 [DEBUG] Memory allocation successful.
2025-07-15 17:31:46 [INFO] Connected to network: GuestNetwork.
2025-07-16 17:30:35 [NETWORK] Port scan detected from IP: 10.0.0.5.
2025-07-13 02:07:19 [INFO] User login successful for user: admin.
2025-07-15 19:36:12 [BROWSER] Visited URL: https://example.com at 15:09:53.
2025-07-14 21:45:49 [APP] Installed application: Figma.
2025-07-14 05:15:31 [ERROR] Application crash report generated.
2025-07-13 14:38:10 [DEBUG] Memory allocation successful.
2025-07-14 01:39:35 [BROWSER] Visited URL: https://example.com at 15:09:53.
2025-07-17 01:07:09 [INFO] Connected to network: OfficeWiFi.
2025-07-15 22:05:14 [INFO] Connected to network: HomeNet.
2025-07-18 10:33:37 [DEBUG] Memory allocation successful.
2025-07-16 04:39:00 [BROWSER] Visited URL: https://example.com at 15:09:53.
2025-07-18 14:15:46 [NETWORK] Port scan detected from IP: 10.0.0.5.
2025-07-16 06:22:12 [ERROR] Failed to connect to database server.
2025-07-18 11:15:58 [WARNING] High CPU usage detected on process ID: 2068.
2025-07-13 12:16:20 [INFO] System startup completed.
2025-07-14 21:16:44 [ERROR] Application crash report generated.
2025-07-14 17:48:22 [NETWORK] Port scan detected from IP: 192.168.1.10.
2025-07-13 12:29:05 [SYSTEM] USB device connected: SanDisk USB.
2025-07-16 20:35:44 [INFO] Connected to network: GuestNetwork.
2025-07-13 12:49:29 [ERROR] Application crash report generated.
2025-07-17 07:56:05 [INFO] System startup completed.
2025-07-15 01:24:21 [SYSTEM] USB device connected: SanDisk USB.
2025-07-17 10:37:22 [APP] Installed application: VSCode.
2025-07-12 20:44:08 [CRITICAL] Unauthorized access attempt detected.
2025-07-16 19:03:23 [INFO] User login successful for user: admin.
2025-07-18 08:03:29 [ERROR] Failed to connect to database server.
2025-07-17 05:54:12 [BROWSER] Visited URL: https://example.com at 15:09:53.
2025-07-16 04:55:39 [ERROR] Application crash report generated.
2025-07-14 06:40:27 [ERROR] Failed to connect to database server.
2025-07-14 05:47:42 [INFO] Scheduled backup completed.
2025-07-16 06:50:26 [INFO] User login successful for user: admin.
2025-07-17 05:33:59 [BROWSER] Visited URL: https://example.com at 15:09:53.
2025-07-18 03:32:31 [BROWSER] Visited URL: https://example.com at 15:09:53.
2025-07-14 16:51:08 [ERROR] Application crash report generated.
2025-07-16 23:58:54 [INFO] System startup completed.
2025-07-16 14:44:58 [DEBUG] Memory allocation successful.
2025-07-16 18:34:06 [BROWSER] Visited URL: https://example.com at 15:09:53.
2025-07-17 07:09:54 [ERROR] Failed to connect to database server.
2025-07-14 03:42:47 [SECURITY] Suspicious link clicked: http://malicious.example.com
2025-07-15 11:52:31 [WARNING] High CPU usage detected on process ID: 1126.
2025-07-17 15:51:05 [SYSTEM] USB device connected: Logitech Mouse.
2025-07-14 16:32:38 [INFO] Connected to network: OfficeWiFi.
2025-07-12 21:38:38 [SYSTEM] USB device connected: SanDisk USB.
2025-07-14 14:04:39 [INFO] System startup completed.
2025-07-17 21:10:50 [WARNING] Low disk space on drive C:.
2025-07-13 17:53:04 [NETWORK] Port scan detected from IP: 172.16.0.2.
2025-07-14 16:54:32 [INFO] User login successful for user: admin.
2025-07-14 10:10:36 [SECURITY] Suspicious link clicked: http://malicious.example.com
2025-07-14 04:27:28 [INFO] System startup completed.
2025-07-14 17:30:42 [SYSTEM] USB device connected: WD HDD.
2025-07-14 20:36:22 [DEBUG] Memory allocation successful.
2025-07-13 10:09:26 [APP] Installed application: Figma.
2025-07-17 17:43:07 [WARNING] Low disk space on drive C:.
2025-07-13 02:07:30 [SECURITY] Suspicious link clicked: http://malicious.example.com
2025-07-13 09:28:41 [SYSTEM] USB device connected: WD HDD.
2025-07-16 14:12:44 [WARNING] High CPU usage detected on process ID: 2069.
2025-07-12 23:18:04 [ERROR] Application crash report generated.
2025-07-14 00:46:28 [WARNING] Low disk space on drive C:.
2025-07-16 12:11:11 [NETWORK] Port scan detected from IP: 172.16.0.2.
2025-07-14 15:15:09 [DEBUG] Memory allocation successful.
2025-07-18 11:33:31 [INFO] Scheduled backup completed.
2025-07-16 13:38:37 [SYSTEM] USB device connected: WD HDD.
2025-07-16 14:34:47 [CRITICAL] Unauthorized access attempt detected.
2025-07-16 13:56:37 [SECURITY] Suspicious link clicked: http://malicious.example.com
2025-07-14 01:41:56 [INFO] Connected to network: HomeNet.
2025-07-15 15:25:59 [ERROR] Application crash report generated.
2025-07-15 11:23:11 [NETWORK] Port scan detected from IP: 192.168.1.10.
2025-07-14 05:55:26 [CRITICAL] Unauthorized access attempt detected.
2025-07-12 23:29:03 [SECURITY] Suspicious link clicked: http://malicious.example.com
2025-07-16 07:59:17 [CRITICAL] Unauthorized access attempt detected.
2025-07-13 01:16:04 [WARNING] High CPU usage detected on process ID: 7334.
2025-07-18 14:07:39 [WARNING] Low disk space on drive C:.
2025-07-14 13:07:01 [INFO] System startup completed.
2025-07-14 02:24:16 [ERROR] Failed to connect to database server.
2025-07-14 23:09:37 [ERROR] Failed to connect to database server.
2025-07-18 09:57:31 [WARNING] Low disk space on drive C:.
2025-07-13 04:55:04 [BROWSER] Visited URL: https://example.com at 15:09:53.
2025-07-18 00:43:15 [ERROR] Failed to connect to database server.
2025-07-14 16:34:03 [INFO] System startup completed.
2025-07-16 05:23:59 [SECURITY] Suspicious link clicked: http://malicious.example.com
2025-07-15 02:31:48 [BROWSER] Visited URL: https://example.com at 15:09:53.
2025-07-16 00:09:22 [DEBUG] Memory allocation successful.
2025-07-13 01:38:48 [NETWORK] Port scan detected from IP: 10.0.0.5.
2025-07-13 09:18:44 [WARNING] High CPU usage detected on process ID: 4975.
2025-07-15 10:40:31 [INFO] User login successful for user: admin.
2025-07-16 20:46:08 [INFO] User login successful for user: admin.
2025-07-15 09:48:15 [ERROR] Failed to connect to database server.
2025-07-16 16:36:12 [ERROR] Application crash report generated.
2025-07-16 12:47:08 [BROWSER] Visited URL: https://example.com at 15:09:53.
2025-07-14 11:20:21 [INFO] System startup completed.
2025-07-15 23:20:09 [NETWORK] Port scan detected from IP: 192.168.1.10.
2025-07-13 01:32:40 [SECURITY] Suspicious link clicked: http://malicious.example.com
2025-07-16 20:02:24 [SYSTEM] USB device connected: Logitech Mouse.
2025-07-14 02:35:30 [WARNING] Low disk space on drive C:.
2025-07-13 17:54:23 [WARNING] High CPU usage detected on process ID: 4252.
2025-07-18 11:59:12 [DEBUG] Memory allocation successful.
2025-07-14 19:58:59 [APP] Installed application: VSCode.
2025-07-14 05:58:14 [SYSTEM] USB device connected: WD HDD.
2025-07-17 06:31:09 [SECURITY] Suspicious link clicked: http://malicious.example.com
2025-07-13 11:59:13 [DEBUG] Memory allocation successful.
2025-07-14 15:19:31 [ERROR] Application crash report generated.
2025-07-14 20:21:13 [CRITICAL] Unauthorized access attempt detected.
2025-07-17 22:50:21 [INFO] Scheduled backup completed.
2025-07-17 08:04:36 [INFO] Connected to network: GuestNetwork.
2025-07-16 16:30:16 [ERROR] Application crash report generated.
2025-07-15 15:10:13 [ERROR] Failed to connect to database server.
2025-07-14 08:48:37 [WARNING] Low disk space on drive C:.
2025-07-17 15:17:50 [SECURITY] Suspicious link clicked: http://malicious.example.com
2025-07-15 10:36:03 [WARNING] Low disk space on drive C:.
2025-07-13 10:51:53 [SECURITY] Suspicious link clicked: http://malicious.example.com
2025-07-14 04:51:16 [INFO] System startup completed.
2025-07-15 15:00:03 [WARNING] Low disk space on drive C:.
2025-07-12 20:22:00 [WARNING] High CPU usage detected on process ID: 8793.
2025-07-17 01:47:19 [APP] Installed application: Slack.
2025-07-15 22:32:58 [ERROR] Application crash report generated.
2025-07-15 15:58:25 [WARNING] Low disk space on drive C:.
2025-07-15 19:43:31 [NETWORK] Port scan detected from IP: 172.16.0.2.
2025-07-14 01:39:47 [CRITICAL] Unauthorized access attempt detected.
2025-07-16 04:24:00 [BROWSER] Visited URL: https://example.com at 15:09:53.
2025-07-17 10:07:34 [BROWSER] Visited URL: https://example.com at 15:09:53.
2025-07-13 10:12:29 [SECURITY] Suspicious link clicked: http://malicious.example.com
2025-07-14 16:17:14 [INFO] Connected to network: HomeNet.
2025-07-14 09:26:23 [INFO] Connected to network: HomeNet.
2025-07-17 01:29:08 [APP] Installed application: Slack.
2025-07-17 05:51:27 [INFO] Connected to network: GuestNetwork.
2025-07-16 05:54:08 [INFO] System startup completed.
2025-07-17 17:58:18 [INFO] System startup completed.
2025-07-14 03:49:44 [NETWORK] Port scan detected from IP: 10.0.0.5.
2025-07-13 05:31:29 [WARNING] High CPU usage detected on process ID: 1145.
2025-07-15 15:11:37 [ERROR] Application crash report generated.
2025-07-17 19:26:43 [APP] Installed application: VSCode.
2025-07-15 17:52:45 [INFO] Connected to network: OfficeWiFi.
2025-07-14 14:37:45 [ERROR] Application crash report generated.
2025-07-16 06:18:47 [INFO] System startup completed.
2025-07-17 22:08:06 [INFO] Connected to network: OfficeWiFi.
2025-07-14 19:22:11 [CRITICAL] Unauthorized access attempt detected.
2025-07-17 21:31:43 [APP] Installed application: Zoom.
2025-07-18 08:23:41 [CRITICAL] Unauthorized access attempt detected.
2025-07-13 11:13:25 [DEBUG] Memory allocation successful.
2025-07-17 10:10:12 [WARNING] High CPU usage detected on process ID: 7078.
2025-07-15 09:17:37 [WARNING] Low disk space on drive C:.
2025-07-13 19:12:04 [BROWSER] Visited URL: https://example.com at 15:09:53.
2025-07-18 08:23:07 [SECURITY] Suspicious link clicked: http://malicious.example.com
2025-07-15 14:38:38 [INFO] System startup completed.
2025-07-18 10:42:33 [BROWSER] Visited URL: https://example.com at 15:09:53.
2025-07-14 01:00:39 [CRITICAL] Unauthorized access attempt detected.
2025-07-13 18:00:50 [CRITICAL] Unauthorized access attempt detected.
2025-07-15 20:01:46 [INFO] System startup completed.
2025-07-13 19:52:01 [SECURITY] Suspicious link clicked: http://malicious.example.com
2025-07-18 06:19:07 [SYSTEM] USB device connected: WD HDD.
2025-07-17 01:56:42 [WARNING] Low disk space on drive C:.
2025-07-14 12:13:37 [SECURITY] Suspicious link clicked: http://malicious.example.com
2025-07-16 21:24:21 [INFO] Scheduled backup completed.
2025-07-17 02:55:00 [WARNING] Low disk space on drive C:.
2025-07-17 21:23:58 [DEBUG] Memory allocation successful.
2025-07-15 09:12:46 [INFO] Connected to network: OfficeWiFi.
2025-07-13 19:40:21 [BROWSER] Visited URL: https://example.com at 15:09:53.
2025-07-18 02:35:26 [DEBUG] Memory allocation successful.
2025-07-15 22:52:53 [NETWORK] Port scan detected from IP: 10.0.0.5.
2025-07-16 23:38:14 [INFO] Scheduled backup completed.
2025-07-14 06:45:03 [INFO] Scheduled backup completed.
2025-07-15 10:08:36 [APP] Installed application: Chrome.
2025-07-16 21:35:02 [WARNING] Low disk space on drive C:.
2025-07-15 14:34:01 [NETWORK] Port scan detected from IP: 172.16.0.2.
2025-07-14 04:21:44 [ERROR] Failed to connect to database server.
2025-07-13 00:37:55 [INFO] Connected to network: OfficeWiFi.
2025-07-16 00:43:13 [INFO] Scheduled backup completed.
2025-07-15 11:39:37 [APP] Installed application: Chrome.
2025-07-13 22:29:25 [DEBUG] Memory allocation successful.
2025-07-13 21:14:26 [SYSTEM] USB device connected: SanDisk USB.
2025-07-17 08:06:48 [WARNING] Low disk space on drive C:.
2025-07-16 02:15:57 [CRITICAL] Unauthorized access attempt detected.
2025-07-12 21:04:28 [APP] Installed application: Slack.
2025-07-17 04:47:03 [SECURITY] Suspicious link clicked: http://malicious.example.com
2025-07-17 06:28:51 [INFO] User login successful for user: admin.
2025-07-16 07:20:14 [WARNING] High CPU usage detected on process ID: 1783.
2025-07-14 11:59:44 [INFO] Connected to network: HomeNet.
2025-07-16 03:01:07 [NETWORK] Port scan detected from IP: 172.16.0.2.
2025-07-14 16:20:13 [INFO] User login successful for user: admin.
2025-07-13 20:28:16 [WARNING] High CPU usage detected on process ID: 4621.
2025-07-17 03:07:19 [INFO] Connected to network: OfficeWiFi.
2025-07-18 05:24:50 [ERROR] Application crash report generated.
2025-07-12 22:23:06 [SYSTEM] USB device connected: Logitech Mouse.
2025-07-16 21:27:22 [WARNING] High CPU usage detected on process ID: 6367.
2025-07-17 01:49:27 [INFO] User login successful for user: admin.
2025-07-15 19:09:46 [NETWORK] Port scan detected from IP: 172.16.0.2.
2025-07-14 23:14:35 [INFO] Connected to network: GuestNetwork.
2025-07-14 04:10:49 [CRITICAL] Unauthorized access attempt detected.
2025-07-13 06:42:28 [INFO] System startup completed.
2025-07-16 04:26:58 [ERROR] Failed to connect to database server.
2025-07-17 13:35:05 [CRITICAL] Unauthorized access attempt detected.
2025-07-16 16:47:08 [NETWORK] Port scan detected from IP: 192.168.1.10.
2025-07-17 14:34:50 [INFO] System startup completed.
2025-07-16 18:27:09 [NETWORK] Port scan detected from IP: 172.16.0.2.
2025-07-13 00:27:31 [ERROR] Failed to connect to database server.
2025-07-17 13:37:56 [INFO] Scheduled backup completed.
2025-07-17 09:36:42 [SECURITY] Suspicious link clicked: http://malicious.example.com
2025-07-13 16:39:14 [WARNING] Low disk space on drive C:.
2025-07-13 04:46:07 [INFO] User login successful for user: admin.
2025-07-17 22:54:28 [INFO] System startup completed.
2025-07-16 22:32:57 [NETWORK] Port scan detected from IP: 10.0.0.5.
2025-07-15 17:37:01 [WARNING] Low disk space on drive C:.
2025-07-16 03:44:13 [WARNING] Low disk space on drive C:.
2025-07-18 02:21:50 [WARNING] Low disk space on drive C:.
2025-07-16 13:52:51 [INFO] Connected to network: OfficeWiFi.
2025-07-13 00:39:05 [WARNING] High CPU usage detected on process ID: 4386.
2025-07-12 20:48:18 [WARNING] Low disk space on drive C:.
2025-07-13 21:01:35 [NETWORK] Port scan detected from IP: 10.0.0.5.
2025-07-15 05:39:23 [WARNING] Low disk space on drive C:.
2025-07-15 11:34:38 [INFO] User login successful for user: admin.
2025-07-15 04:44:44 [INFO] Scheduled backup completed.
2025-07-13 04:33:32 [DEBUG] Memory allocation successful.
2025-07-16 12:06:54 [ERROR] Failed to connect to database server.
2025-07-12 20:28:40 [WARNING] Low disk space on drive C:.
2025-07-14 21:55:33 [APP] Installed application: VSCode.
2025-07-14 16:07:02 [ERROR] Application crash report generated.
2025-07-12 22:46:34 [WARNING] High CPU usage detected on process ID: 6000.
2025-07-18 09:19:11 [CRITICAL] Unauthorized access attempt detected.
2025-07-16 12:42:52 [BROWSER] Visited URL: https://example.com at 15:09:53.
2025-07-17 02:50:00 [INFO] User login successful for user: admin.
2025-07-15 14:03:09 [INFO] User login successful for user: admin.
2025-07-16 11:30:11 [WARNING] Low disk space on drive C:.
2025-07-18 09:10:21 [BROWSER] Visited URL: https://example.com at 15:09:53.
2025-07-13 20:15:01 [INFO] System startup completed.
2025-07-14 02:38:39 [WARNING] Low disk space on drive C:.
2025-07-13 13:26:50 [APP] Installed application: Zoom.
2025-07-17 15:46:49 [ERROR] Failed to connect to database server.
2025-07-14 03:58:35 [SYSTEM] USB device connected: SanDisk USB.
2025-07-13 07:45:27 [INFO] System startup completed.
2025-07-16 07:49:29 [WARNING] Low disk space on drive C:.
2025-07-17 16:44:21 [CRITICAL] Unauthorized access attempt detected.
2025-07-15 15:10:05 [BROWSER] Visited URL: https://example.com at 15:09:53.
2025-07-16 12:30:18 [WARNING] High CPU usage detected on process ID: 1394.
2025-07-13 01:36:47 [BROWSER] Visited URL: https://example.com at 15:09:53.
2025-07-16 16:46:31 [WARNING] High CPU usage detected on process ID: 4417.
2025-07-15 10:52:32 [WARNING] High CPU usage detected on process ID: 2286.
2025-07-16 07:25:25 [ERROR] Application crash report generated.
2025-07-13 04:37:32 [WARNING] High CPU usage detected on process ID: 4543.
2025-07-16 06:58:16 [NETWORK] Port scan detected from IP: 172.16.0.2.
2025-07-14 11:02:54 [WARNING] High CPU usage detected on process ID: 4010.
2025-07-14 08:45:19 [SECURITY] Suspicious link clicked: http://malicious.example.com
2025-07-17 06:46:18 [NETWORK] Port scan detected from IP: 172.16.0.2.
2025-07-13 08:37:55 [WARNING] High CPU usage detected on process ID: 4208.
2025-07-16 17:26:58 [WARNING] Low disk space on drive C:.
2025-07-16 01:36:02 [SECURITY] Suspicious link clicked: http://malicious.example.com
2025-07-14 00:12:01 [INFO] Connected to network: HomeNet.
2025-07-16 17:56:43 [INFO] Connected to network: OfficeWiFi.
2025-07-13 21:24:42 [BROWSER] Visited URL: https://example.com at 15:09:53.
2025-07-18 10:03:55 [APP] Installed application: VSCode.
2025-07-13 14:07:04 [WARNING] High CPU usage detected on process ID: 4812.
2025-07-14 09:27:10 [ERROR] Failed to connect to database server.
2025-07-13 11:43:42 [SECURITY] Suspicious link clicked: http://malicious.example.com
2025-07-16 00:58:20 [ERROR] Application crash report generated.
2025-07-13 21:50:48 [INFO] System startup completed.
2025-07-13 05:23:08 [SECURITY] Suspicious link clicked: http://malicious.example.com
2025-07-16 21:04:42 [SYSTEM] USB device connected: Logitech Mouse.
2025-07-16 22:02:22 [NETWORK] Port scan detected from IP: 192.168.1.10.
2025-07-16 05:49:54 [INFO] Connected to network: HomeNet.
2025-07-16 20:40:19 [SYSTEM] USB device connected: Logitech Mouse.
2025-07-16 06:53:14 [CRITICAL] Unauthorized access attempt detected.
2025-07-16 23:42:30 [SECURITY] Suspicious link clicked: http://malicious.example.com
2025-07-14 12:42:30 [CRITICAL] Unauthorized access attempt detected.
2025-07-16 17:13:21 [NETWORK] Port scan detected from IP: 172.16.0.2.
2025-07-17 07:19:16 [WARNING] High CPU usage detected on process ID: 8289.
2025-07-15 03:12:49 [WARNING] High CPU usage detected on process ID: 4596.
2025-07-18 14:11:25 [APP] Installed application: Figma.
2025-07-14 08:28:34 [APP] Installed application: VSCode.
2025-07-16 16:16:29 [INFO] Scheduled backup completed.
2025-07-12 21:59:42 [WARNING] High CPU usage detected on process ID: 8515.
2025-07-16 09:14:15 [DEBUG] Memory allocation successful.
2025-07-16 14:03:17 [ERROR] Failed to connect to database server.
2025-07-13 03:17:52 [INFO] Connected to network: GuestNetwork.
2025-07-15 06:25:58 [ERROR] Application crash report generated.
2025-07-15 14:14:43 [SYSTEM] USB device connected: SanDisk USB.
2025-07-17 01:34:51 [ERROR] Failed to connect to database server.
2025-07-13 13:41:37 [WARNING] Low disk space on drive C:.
2025-07-14 16:57:47 [ERROR] Failed to connect to database server.
2025-07-13 13:55:58 [DEBUG] Memory allocation successful.
2025-07-17 16:52:40 [INFO] Scheduled backup completed.
2025-07-15 14:05:54 [CRITICAL] Unauthorized access attempt detected.
2025-07-13 13:02:15 [NETWORK] Port scan detected from IP: 192.168.1.10.
2025-07-15 20:20:04 [ERROR] Application crash report generated.
2025-07-15 18:19:08 [SYSTEM] USB device connected: WD HDD.
2025-07-18 02:05:04 [INFO] Connected to network: HomeNet.
2025-07-17 07:25:08 [INFO] Connected to network: GuestNetwork.
2025-07-14 02:22:28 [ERROR] Application crash report generated.
2025-07-12 22:44:15 [ERROR] Application crash report generated.
2025-07-16 09:23:22 [WARNING] High CPU usage detected on process ID: 8944.
2025-07-16 19:15:33 [INFO] Connected to network: OfficeWiFi.
2025-07-15 18:08:13 [INFO] Scheduled backup completed.
2025-07-13 04:59:02 [WARNING] Low disk space on drive C:.
2025-07-15 17:37:40 [APP] Installed application: Slack.
2025-07-14 13:46:14 [INFO] Scheduled backup completed.
2025-07-18 00:04:59 [WARNING] Low disk space on drive C:.
2025-07-13 23:09:01 [DEBUG] Memory allocation successful.
2025-07-16 10:56:24 [CRITICAL] Unauthorized access attempt detected.
2025-07-18 10:55:06 [INFO] User login successful for user: admin.
2025-07-18 06:09:44 [SYSTEM] USB device connected: SanDisk USB.
2025-07-18 10:09:45 [INFO] System startup completed.
2025-07-18 05:23:42 [WARNING] High CPU usage detected on process ID: 6458.
2025-07-13 06:07:36 [WARNING] High CPU usage detected on process ID: 6630.
2025-07-18 06:26:58 [WARNING] Low disk space on drive C:.
2025-07-12 23:39:35 [SECURITY] Suspicious link clicked: http://malicious.example.com
2025-07-17 23:29:50 [SECURITY] Suspicious link clicked: http://malicious.example.com
2025-07-14 07:18:30 [WARNING] High CPU usage detected on process ID: 6228.
2025-07-15 19:27:40 [SYSTEM] USB device connected: Logitech Mouse.
2025-07-18 12:59:56 [INFO] Connected to network: GuestNetwork.
2025-07-16 11:55:03 [INFO] Scheduled backup completed.
2025-07-16 00:20:20 [CRITICAL] Unauthorized access attempt detected.
2025-07-16 22:25:38 [CRITICAL] Unauthorized access attempt detected.
2025-07-15 10:54:00 [ERROR] Application crash report generated.
2025-07-17 14:37:21 [NETWORK] Port scan detected from IP: 10.0.0.5.
2025-07-14 16:51:55 [SECURITY] Suspicious link clicked: http://malicious.example.com
2025-07-17 07:01:34 [APP] Installed application: Figma.
2025-07-15 12:38:47 [WARNING] High CPU usage detected on process ID: 6945.
2025-07-18 02:10:16 [INFO] System startup completed.
2025-07-16 09:19:00 [INFO] User login successful for user: admin.
2025-07-18 07:21:31 [INFO] User login successful for user: admin.
2025-07-14 19:09:29 [CRITICAL] Unauthorized access attempt detected.
2025-07-18 02:54:22 [INFO] User login successful for user: admin.
2025-07-15 13:52:38 [INFO] User login successful for user: admin.
2025-07-17 19:54:09 [INFO] Connected to network: HomeNet.
2025-07-13 12:12:16 [SYSTEM] USB device connected: WD HDD.
2025-07-13 09:08:59 [ERROR] Application crash report generated.
2025-07-17 15:48:13 [ERROR] Failed to connect to database server.
2025-07-17 02:27:57 [APP] Installed application: VSCode.
2025-07-17 20:59:06 [SECURITY] Suspicious link clicked: http://malicious.example.com
2025-07-14 08:53:14 [APP] Installed application: VSCode.
2025-07-15 12:52:27 [INFO] Scheduled backup completed.
2025-07-13 12:47:13 [WARNING] High CPU usage detected on process ID: 5121.
2025-07-18 13:23:49 [DEBUG] Memory allocation successful.
2025-07-17 09:31:22 [INFO] System startup completed.
2025-07-15 21:37:20 [DEBUG] Memory allocation successful.
2025-07-14 14:46:48 [ERROR] Failed to connect to database server.
2025-07-16 00:43:20 [INFO] System startup completed.
2025-07-14 15:16:47 [ERROR] Application crash report generated.
2025-07-12 20:18:14 [INFO] Scheduled backup completed.
2025-07-13 01:43:23 [INFO] Connected to network: GuestNetwork.
2025-07-15 10:40:53 [INFO] System startup completed.
2025-07-17 09:47:13 [BROWSER] Visited URL: https://example.com at 15:09:53.
2025-07-17 21:23:20 [INFO] User login successful for user: admin.
2025-07-15 17:47:37 [INFO] Connected to network: GuestNetwork.
2025-07-17 03:36:07 [SECURITY] Suspicious link clicked: http://malicious.example.com
2025-07-13 05:40:48 [DEBUG] Memory allocation successful.
2025-07-17 20:48:58 [WARNING] Low disk space on drive C:.
2025-07-14 21:14:49 [ERROR] Application crash report generated.
2025-07-14 23:41:50 [WARNING] Low disk space on drive C:.
2025-07-16 16:08:27 [SECURITY] Suspicious link clicked: http://malicious.example.com
2025-07-15 12:04:45 [APP] Installed application: Zoom.
2025-07-18 10:04:58 [DEBUG] Memory allocation successful.
2025-07-16 20:16:43 [SECURITY] Suspicious link clicked: http://malicious.example.com
2025-07-13 05:04:24 [SECURITY] Suspicious link clicked: http://malicious.example.com
2025-07-17 00:53:23 [NETWORK] Port scan detected from IP: 10.0.0.5.
2025-07-13 04:42:29 [ERROR] Failed to connect to database server.
2025-07-13 18:43:01 [APP] Installed application: Chrome.
2025-07-15 18:34:06 [DEBUG] Memory allocation successful.
2025-07-16 21:17:18 [WARNING] High CPU usage detected on process ID: 5807.
2025-07-13 15:33:56 [INFO] System startup completed.
2025-07-14 09:16:30 [SYSTEM] USB device connected: SanDisk USB.
2025-07-18 11:58:02 [DEBUG] Memory allocation successful.
2025-07-15 10:54:09 [NETWORK] Port scan detected from IP: 10.0.0.5.
2025-07-14 20:46:16 [SYSTEM] USB device connected: SanDisk USB.
2025-07-15 22:52:50 [CRITICAL] Unauthorized access attempt detected.
2025-07-16 02:23:04 [INFO] Connected to network: HomeNet.
2025-07-14 09:12:05 [SYSTEM] USB device connected: Logitech Mouse.
2025-07-18 12:15:27 [INFO] Scheduled backup completed.
2025-07-14 04:26:52 [INFO] User login successful for user: admin.
2025-07-14 09:49:54 [APP] Installed application: Slack.
2025-07-17 23:25:05 [APP] Installed application: Chrome.
2025-07-17 07:28:11 [SYSTEM] USB device connected: WD HDD.
2025-07-14 06:55:41 [BROWSER] Visited URL: https://example.com at 15:09:53.
2025-07-16 23:01:52 [WARNING] Low disk space on drive C:.
2025-07-18 10:02:02 [INFO] User login successful for user: admin.
2025-07-18 02:13:01 [WARNING] High CPU usage detected on process ID: 8035.
2025-07-13 10:39:40 [INFO] User login successful for user: admin.
2025-07-15 05:51:14 [APP] Installed application: Slack.
2025-07-16 09:46:02 [WARNING] High CPU usage detected on process ID: 6518.
2025-07-15 04:40:03 [CRITICAL] Unauthorized access attempt detected.
2025-07-18 03:22:31 [WARNING] Low disk space on drive C:.
2025-07-12 22:25:27 [BROWSER] Visited URL: https://example.com at 15:09:53.
2025-07-17 17:21:06 [NETWORK] Port scan detected from IP: 10.0.0.5.
2025-07-16 14:02:27 [INFO] System startup completed.
2025-07-15 01:31:59 [SECURITY] Suspicious link clicked: http://malicious.example.com
2025-07-17 19:34:35 [WARNING] High CPU usage detected on process ID: 3588.
2025-07-14 01:44:30 [INFO] Connected to network: OfficeWiFi.
2025-07-16 18:27:53 [WARNING] Low disk space on drive C:.
2025-07-14 10:18:47 [CRITICAL] Unauthorized access attempt detected.
2025-07-13 20:21:01 [DEBUG] Memory allocation successful.
2025-07-14 00:13:48 [ERROR] Failed to connect to database server.
2025-07-16 16:32:13 [INFO] Scheduled backup completed.
2025-07-14 07:44:47 [INFO] Connected to network: GuestNetwork.
2025-07-16 21:59:44 [SECURITY] Suspicious link clicked: http://malicious.example.com
2025-07-13 22:33:23 [SYSTEM] USB device connected: SanDisk USB.
2025-07-17 23:56:34 [SYSTEM] USB device connected: SanDisk USB.
2025-07-18 11:39:36 [ERROR] Failed to connect to database server.
2025-07-18 02:28:21 [SYSTEM] USB device connected: Logitech Mouse.
2025-07-18 07:09:54 [INFO] Scheduled backup completed.
2025-07-16 20:24:07 [NETWORK] Port scan detected from IP: 192.168.1.10.
2025-07-15 20:30:34 [DEBUG] Memory allocation successful.
2025-07-15 15:23:03 [DEBUG] Memory allocation successful.
2025-07-18 06:01:23 [APP] Installed application: Figma.
2025-07-16 19:20:14 [INFO] Connected to network: HomeNet.
2025-07-18 10:35:08 [DEBUG] Memory allocation successful.
2025-07-18 02:39:55 [INFO] User login successful for user: admin.
2025-07-12 21:44:12 [INFO] Scheduled backup completed.
2025-07-17 01:26:01 [ERROR] Application crash report generated.
2025-07-13 05:02:34 [NETWORK] Port scan detected from IP: 192.168.1.10.
2025-07-18 04:41:17 [INFO] Connected to network: GuestNetwork.
2025-07-14 04:58:58 [INFO] System startup completed.
2025-07-14 03:11:23 [SYSTEM] USB device connected: SanDisk USB.
2025-07-13 22:21:35 [WARNING] High CPU usage detected on process ID: 2190.
2025-07-13 12:50:20 [INFO] System startup completed.
2025-07-13 07:36:43 [SYSTEM] USB device connected: SanDisk USB.
2025-07-15 22:11:17 [INFO] Scheduled backup completed.
2025-07-15 21:59:08 [INFO] Scheduled backup completed.
2025-07-13 14:46:33 [INFO] Scheduled backup completed.
2025-07-18 03:16:32 [SYSTEM] USB device connected: Logitech Mouse.
2025-07-14 20:52:59 [NETWORK] Port scan detected from IP: 172.16.0.2.
2025-07-14 00:53:37 [CRITICAL] Unauthorized access attempt detected.
2025-07-15 02:56:35 [DEBUG] Memory allocation successful.
2025-07-17 14:10:18 [CRITICAL] Unauthorized access attempt detected.
2025-07-15 20:45:29 [SECURITY] Suspicious link clicked: http://malicious.example.com
2025-07-15 10:00:23 [INFO] User login successful for user: admin.
2025-07-16 13:00:18 [APP] Installed application: Zoom.
2025-07-13 17:29:00 [BROWSER] Visited URL: https://example.com at 15:09:53.
2025-07-13 11:34:16 [DEBUG] Memory allocation successful.
2025-07-18 03:40:16 [NETWORK] Port scan detected from IP: 172.16.0.2.
2025-07-18 06:18:08 [APP] Installed application: Figma.
2025-07-17 16:33:02 [INFO] User login successful for user: admin.
2025-07-15 02:06:11 [INFO] User login successful for user: admin.
2025-07-16 12:46:13 [APP] Installed application: Figma.
2025-07-16 02:16:53 [INFO] System startup completed.
2025-07-16 00:48:55 [ERROR] Failed to connect to database server.
2025-07-13 15:24:29 [APP] Installed application: Zoom.
2025-07-16 02:53:35 [NETWORK] Port scan detected from IP: 172.16.0.2.
2025-07-16 07:29:34 [INFO] Connected to network: OfficeWiFi.
2025-07-17 10:32:29 [WARNING] Low disk space on drive C:.
2025-07-15 23:38:47 [WARNING] Low disk space on drive C:.
2025-07-15 13:16:35 [INFO] Scheduled backup completed.
2025-07-16 16:17:49 [APP] Installed application: VSCode.
2025-07-13 07:53:20 [INFO] System startup completed.
2025-07-13 23:47:14 [WARNING] High CPU usage detected on process ID: 5734.
2025-07-15 14:22:37 [CRITICAL] Unauthorized access attempt detected.
2025-07-14 16:04:15 [NETWORK] Port scan detected from IP: 172.16.0.2.
2025-07-17 18:53:57 [SYSTEM] USB device connected: SanDisk USB.
2025-07-16 04:10:04 [INFO] Connected to network: OfficeWiFi.
2025-07-18 06:42:13 [INFO] Scheduled backup completed.
2025-07-15 11:18:37 [WARNING] High CPU usage detected on process ID: 2167.
2025-07-14 06:13:51 [ERROR] Application crash report generated.
2025-07-16 15:31:57 [SYSTEM] USB device connected: Logitech Mouse.
2025-07-17 16:48:06 [INFO] Connected to network: HomeNet.
2025-07-15 20:06:23 [CRITICAL] Unauthorized access attempt detected.
2025-07-17 00:42:14 [NETWORK] Port scan detected from IP: 192.168.1.10.
2025-07-18 11:16:34 [ERROR] Application crash report generated.
2025-07-13 21:42:09 [SYSTEM] USB device connected: WD HDD.
2025-07-15 21:49:22 [SYSTEM] USB device connected: WD HDD.
2025-07-14 17:06:54 [ERROR] Failed to connect to database server.
2025-07-14 07:22:20 [ERROR] Application crash report generated.
2025-07-14 21:23:44 [APP] Installed application: Figma.
2025-07-14 01:55:15 [INFO] Scheduled backup completed.
2025-07-14 01:56:32 [CRITICAL] Unauthorized access attempt detected.
2025-07-15 08:57:35 [CRITICAL] Unauthorized access attempt detected.
2025-07-13 21:48:57 [NETWORK] Port scan detected from IP: 172.16.0.2.
2025-07-15 11:39:48 [INFO] Scheduled backup completed.
2025-07-16 22:04:55 [ERROR] Application crash report generated.
2025-07-17 12:24:21 [APP] Installed application: Zoom.
2025-07-16 18:40:01 [INFO] System startup completed.
2025-07-18 10:59:48 [WARNING] Low disk space on drive C:.
2025-07-16 08:35:52 [CRITICAL] Unauthorized access attempt detected.
2025-07-16 23:32:49 [APP] Installed application: Zoom.
2025-07-18 02:04:18 [BROWSER] Visited URL: https://example.com at 15:09:53.
2025-07-18 08:17:48 [WARNING] Low disk space on drive C:.
2025-07-15 15:40:35 [APP] Installed application: Figma.
2025-07-16 11:43:22 [WARNING] High CPU usage detected on process ID: 3660.
2025-07-14 16:16:10 [CRITICAL] Unauthorized access attempt detected.
2025-07-16 09:42:37 [APP] Installed application: Figma.
2025-07-15 19:13:30 [INFO] Scheduled backup completed.
2025-07-15 16:30:13 [INFO] User login successful for user: admin.
2025-07-16 19:22:57 [NETWORK] Port scan detected from IP: 10.0.0.5.
2025-07-18 12:17:32 [INFO] Scheduled backup completed.
2025-07-16 00:06:08 [SYSTEM] USB device connected: WD HDD.
2025-07-18 11:27:22 [INFO] User login successful for user: admin.
2025-07-14 07:04:59 [APP] Installed application: Slack.
2025-07-15 13:06:54 [NETWORK] Port scan detected from IP: 192.168.1.10.
2025-07-16 05:02:01 [INFO] User login successful for user: admin.
2025-07-17 17:15:12 [DEBUG] Memory allocation successful.
2025-07-15 21:19:17 [APP] Installed application: Slack.
