2025-07-17 00:46:00 [CRITICAL] Unauthorized access attempt detected.
2025-07-17 03:47:06 [INFO] File uploaded to cloud storage.
2025-07-17 11:13:45 [INFO] Session timeout for user: guest.
2025-07-17 07:33:44 [WARNING] High CPU usage detected on process ID: 8923.
2025-07-17 02:03:19 [INFO] File uploaded to cloud storage.
2025-07-17 02:41:42 [INFO] User login successful for user: admin.
2025-07-17 08:42:32 [INFO] Scheduled backup completed.
2025-07-17 12:15:38 [INFO] System startup completed.
2025-07-17 00:19:13 [WARNING] High CPU usage detected on process ID: 8923.
2025-07-17 04:40:48 [INFO] User login successful for user: admin.
2025-07-17 13:19:28 [INFO] Log rotation completed.
2025-07-17 07:41:32 [SYSTEM] Service started: nginx.
2025-07-17 00:45:38 [ERROR] Application crash report generated.
2025-07-17 11:02:12 [INFO] System startup completed.
2025-07-17 06:22:41 [INFO] Configuration file loaded successfully.
2025-07-17 15:15:01 [INFO] Session timeout for user: guest.
2025-07-17 05:42:02 [INFO] Scheduled backup completed.
2025-07-17 12:53:05 [INFO] Scheduled backup completed.
2025-07-17 14:53:43 [CRITICAL] Unauthorized access attempt detected.
2025-07-17 14:11:11 [INFO] Scheduled backup completed.
2025-07-17 09:00:59 [BROWSER] Visited URL: https://docs.company.com at 12:45:00.
2025-07-17 00:09:18 [INFO] User login successful for user: admin.
2025-07-17 06:00:08 [WARNING] High CPU usage detected on process ID: 8923.
2025-07-17 14:18:22 [ERROR] Failed to connect to database server.
2025-07-17 15:18:31 [INFO] System startup completed.
2025-07-17 15:24:56 [CRITICAL] Unauthorized access attempt detected.
2025-07-17 13:11:15 [INFO] Configuration file loaded successfully.
2025-07-17 03:01:18 [INFO] User login successful for user: admin.
2025-07-17 09:54:00 [INFO] Scheduled backup completed.
2025-07-17 08:10:39 [SYSTEM] Service started: nginx.
2025-07-17 09:02:09 [INFO] File uploaded to cloud storage.
2025-07-17 04:38:28 [INFO] Configuration file loaded successfully.
2025-07-17 00:49:57 [INFO] Session timeout for user: guest.
2025-07-17 04:07:50 [INFO] Configuration file loaded successfully.
2025-07-17 13:11:21 [INFO] System startup completed.
2025-07-17 01:25:49 [WARNING] High CPU usage detected on process ID: 8923.
2025-07-17 02:03:42 [SECURITY] Possible intrusion attempt detected.
2025-07-17 14:53:31 [INFO] Scheduled backup completed.
2025-07-17 16:21:46 [ERROR] Application crash report generated.
2025-07-17 15:24:29 [INFO] Scheduled backup completed.
2025-07-17 06:32:36 [INFO] Log rotation completed.
2025-07-17 12:11:24 [SECURITY] Suspicious link clicked: http://malicious.example.com
2025-07-17 13:57:09 [BROWSER] Visited URL: https://docs.company.com at 12:45:00.
2025-07-17 02:50:24 [INFO] User login successful for user: admin.
2025-07-17 13:27:42 [INFO] Log rotation completed.
2025-07-17 16:13:30 [CRITICAL] Multiple failed login attempts from IP: 10.0.0.42.
2025-07-17 12:07:47 [INFO] Log rotation completed.
2025-07-17 06:07:28 [INFO] User login successful for user: admin.
2025-07-17 11:46:34 [INFO] Log rotation completed.
2025-07-17 12:44:47 [INFO] Scheduled backup completed.
2025-07-17 10:02:54 [INFO] Configuration file loaded successfully.
2025-07-17 03:41:17 [INFO] System startup completed.
2025-07-17 11:04:58 [INFO] File uploaded to cloud storage.
2025-07-17 12:07:36 [BROWSER] Visited URL: https://docs.company.com at 12:45:00.
2025-07-17 14:44:28 [INFO] Scheduled backup completed.
2025-07-17 13:05:04 [CRITICAL] Multiple failed login attempts from IP: 10.0.0.42.
2025-07-17 01:57:53 [INFO] File uploaded to cloud storage.
2025-07-17 07:42:39 [INFO] Session timeout for user: guest.
2025-07-17 03:29:02 [INFO] User login successful for user: admin.
2025-07-17 03:23:25 [INFO] Scheduled backup completed.
2025-07-17 06:52:39 [INFO] Session timeout for user: guest.
2025-07-17 02:41:01 [INFO] System startup completed.
2025-07-17 07:39:30 [INFO] User login successful for user: admin.
2025-07-17 11:33:55 [INFO] Log rotation completed.
2025-07-17 01:07:54 [INFO] File uploaded to cloud storage.
2025-07-17 10:05:56 [INFO] Configuration file loaded successfully.
2025-07-17 07:55:57 [BROWSER] Visited URL: https://example.com at 15:09:53.
2025-07-17 06:22:55 [BROWSER] Visited URL: https://docs.company.com at 12:45:00.
2025-07-17 12:13:42 [INFO] File uploaded to cloud storage.
2025-07-17 12:58:17 [BROWSER] Visited URL: https://example.com at 15:09:53.
2025-07-17 01:50:04 [INFO] System startup completed.
2025-07-17 10:34:18 [ALERT] Data exfiltration activity suspected.
2025-07-17 12:51:14 [INFO] System startup completed.
2025-07-17 11:51:41 [BROWSER] Visited URL: https://example.com at 15:09:53.
2025-07-17 08:37:51 [BROWSER] Visited URL: https://example.com at 15:09:53.
2025-07-17 16:26:31 [ERROR] Failed to connect to database server.
2025-07-17 15:25:10 [SECURITY] Exploit attempt blocked by firewall.
2025-07-17 07:31:47 [INFO] User login successful for user: admin.
2025-07-17 08:41:38 [INFO] System startup completed.
2025-07-17 11:29:22 [BROWSER] Visited URL: https://example.com at 15:09:53.
2025-07-17 12:23:04 [BROWSER] Visited URL: https://docs.company.com at 12:45:00.
2025-07-17 12:21:32 [INFO] Configuration file loaded successfully.
2025-07-17 03:59:10 [BROWSER] Visited URL: https://docs.company.com at 12:45:00.
2025-07-17 05:14:06 [INFO] System startup completed.
2025-07-17 05:28:16 [INFO] User login successful for user: admin.
2025-07-17 16:16:02 [SYSTEM] Service started: nginx.
2025-07-17 02:31:31 [INFO] User login successful for user: admin.
2025-07-17 05:51:26 [ALERT] Data exfiltration activity suspected.
2025-07-17 13:03:49 [INFO] Session timeout for user: guest.
2025-07-17 05:51:31 [INFO] Session timeout for user: guest.
2025-07-17 07:03:25 [INFO] Scheduled backup completed.
2025-07-17 09:03:01 [BROWSER] Visited URL: https://docs.company.com at 12:45:00.
2025-07-17 14:23:44 [INFO] Scheduled backup completed.
2025-07-17 15:23:27 [NETWORK] Port scan detected from IP: 192.168.1.10.
2025-07-17 08:26:08 [INFO] System startup completed.
2025-07-17 04:22:23 [INFO] User login successful for user: admin.
2025-07-17 15:50:02 [BROWSER] Visited URL: https://docs.company.com at 12:45:00.
2025-07-17 00:53:04 [BROWSER] Visited URL: https://docs.company.com at 12:45:00.
2025-07-17 00:17:34 [SECURITY] Exploit attempt blocked by firewall.
2025-07-17 00:41:34 [INFO] File uploaded to cloud storage.
